0 info it worked if it ends with ok
1 verbose cli [ 'node', '/usr/local/bin/npm', 'publish' ]
2 info using npm@1.4.28
3 info using node@v0.10.36
4 verbose publish [ '.' ]
5 verbose cache add [ '.', null ]
6 verbose cache add name=undefined spec="." args=[".",null]
7 verbose parsed url { protocol: null,
7 verbose parsed url   slashes: null,
7 verbose parsed url   auth: null,
7 verbose parsed url   host: null,
7 verbose parsed url   port: null,
7 verbose parsed url   hostname: null,
7 verbose parsed url   hash: null,
7 verbose parsed url   search: null,
7 verbose parsed url   query: null,
7 verbose parsed url   pathname: '.',
7 verbose parsed url   path: '.',
7 verbose parsed url   href: '.' }
8 silly lockFile 3a52ce78- .
9 verbose lock . /Users/yneves1/.npm/3a52ce78-.lock
10 verbose tar pack [ '/Users/yneves1/.npm/bauer-cluster-queue/0.3.0/package.tgz',
10 verbose tar pack   '.' ]
11 verbose tarball /Users/yneves1/.npm/bauer-cluster-queue/0.3.0/package.tgz
12 verbose folder .
13 info prepublish bauer-cluster-queue@0.3.0
14 silly lockFile 1f1177db-tar tar://.
15 verbose lock tar://. /Users/yneves1/.npm/1f1177db-tar.lock
16 silly lockFile 7fb8dc5f--cluster-queue-0-3-0-package-tgz tar:///Users/yneves1/.npm/bauer-cluster-queue/0.3.0/package.tgz
17 verbose lock tar:///Users/yneves1/.npm/bauer-cluster-queue/0.3.0/package.tgz /Users/yneves1/.npm/7fb8dc5f--cluster-queue-0-3-0-package-tgz.lock
18 silly lockFile 1f1177db-tar tar://.
19 silly lockFile 1f1177db-tar tar://.
20 silly lockFile 7fb8dc5f--cluster-queue-0-3-0-package-tgz tar:///Users/yneves1/.npm/bauer-cluster-queue/0.3.0/package.tgz
21 silly lockFile 7fb8dc5f--cluster-queue-0-3-0-package-tgz tar:///Users/yneves1/.npm/bauer-cluster-queue/0.3.0/package.tgz
22 silly lockFile 39a68ccd-auer-cluster-queue-0-3-0-package /Users/yneves1/.npm/bauer-cluster-queue/0.3.0/package
23 verbose lock /Users/yneves1/.npm/bauer-cluster-queue/0.3.0/package /Users/yneves1/.npm/39a68ccd-auer-cluster-queue-0-3-0-package.lock
24 silly lockFile 39a68ccd-auer-cluster-queue-0-3-0-package /Users/yneves1/.npm/bauer-cluster-queue/0.3.0/package
25 silly lockFile 39a68ccd-auer-cluster-queue-0-3-0-package /Users/yneves1/.npm/bauer-cluster-queue/0.3.0/package
26 silly lockFile 3a52ce78- .
27 silly lockFile 3a52ce78- .
28 silly publish { name: 'bauer-cluster-queue',
28 silly publish   version: '0.3.0',
28 silly publish   description: 'Plugin for bauer-cluster to add request queue feature.',
28 silly publish   keywords:
28 silly publish    [ 'multi-thread',
28 silly publish      'multi-core',
28 silly publish      'process',
28 silly publish      'fork',
28 silly publish      'multi-process',
28 silly publish      'cluster',
28 silly publish      'request',
28 silly publish      'worker',
28 silly publish      'queue' ],
28 silly publish   license: 'MIT',
28 silly publish   homepage: 'https://github.com/yneves/node-bauer-cluster-queue',
28 silly publish   author:
28 silly publish    { name: 'Yuri Neves Silveira',
28 silly publish      email: 'npm@yneves.com',
28 silly publish      url: 'http://yneves.com/' },
28 silly publish   repository:
28 silly publish    { type: 'git',
28 silly publish      url: 'https://github.com/yneves/node-bauer-cluster-queue.git' },
28 silly publish   scripts: { test: 'mocha' },
28 silly publish   dependencies: { 'bauer-cluster': '^1.2.2', 'bauer-factory': '^2.0.3' },
28 silly publish   main: 'lib/index.js',
28 silly publish   readme: 'node-bauer-cluster-queue\n================\n\nThis is a plugin for `bauer-cluster` to add request queue feature. You should take a look at [bauer-cluster](https://github.com/yneves/node-bauer-cluster) before using it.\n\n## Installation\n\n```\nnpm install bauer-cluster-queue\n```\n\n## Usage\n\nThis plugin should be loaded by the `Cluster` object before calling `.start` method.\n\n```js\nvar cluster = require("bauer-cluster");\n\ncluster.require("bauer-cluster-queue");\n\ncluster.master(function() {});\ncluster.worker(function(worker) {});\n\ncluster.start();\n```\n\n## Worker\n\n### .config.slots\n\nDefines how many concurrent requests the worker can handle. Above the specified number, requests are queued until slots become available. Defaults to `1`. This should be configured at the child process.\n\n```js\nworker.configure({\n  slots: 10,\n});\n```\n\n### .request\n\nSends a request to the other side. Normally its used by the parent process to send requests to the child process, but it can go both ways. Requests can be of any type that can be go through IPC. You can pass a callback which will be called once when the response comes. It returns a `Request` object.\n\n```js\nvar request = worker.request({ read: "path" });\nrequest.on("response",function(data) {});\n// same as\nworker.request({ read: "path"},function(data) {});\n```\n\nAlso, its possible to create an empty request and send it later. Just like this.\n\n```js\nvar request = worker.request();\nrequest.on("response",function(data) {});\nrequest.send({ read: "path" });\n```\n\n### Event "request"\n\nEmitted when a request is ready to be handled. It means that a slot is occupied by this request and will only be freed when a response is sent. It gets the request\'s content and the response object as arguments.\n\n```js\nworker.on("request",function(request,response) {\n  try {\n    // do something with the request and then send a response\n    response.send({ ok: true });\n  } catch(error) {\n    response.send({ ok: false, error: error.toString() });\n  }\n});\n```\n\n### Event "response"\n\nEmitted when a response comes back from the other side, just after the `response` event of the `Request` object. It makes possible to handle all responses at a single point.\n\n```js\nworker.on("response",function(request,response) {\n  if (!response.ok) {\n    console.log(response.error);\n  }\n});\n```\n\n\n## License\n\nMIT\n',
28 silly publish   readmeFilename: 'README.md',
28 silly publish   gitHead: '514f34243df8bcdc4e9ac4ebd6b905dc45047922',
28 silly publish   bugs: { url: 'https://github.com/yneves/node-bauer-cluster-queue/issues' },
28 silly publish   _id: 'bauer-cluster-queue@0.3.0',
28 silly publish   _shasum: 'fe38d7f8405884269775d663240b1b13d7baba26',
28 silly publish   _from: '.' }
29 verbose request where is /bauer-cluster-queue
30 verbose request registry https://registry.npmjs.org/
31 verbose request id 3c2afd4254d96212
32 verbose url raw /bauer-cluster-queue
33 verbose url resolving [ 'https://registry.npmjs.org/', './bauer-cluster-queue' ]
34 verbose url resolved https://registry.npmjs.org/bauer-cluster-queue
35 verbose request where is https://registry.npmjs.org/bauer-cluster-queue
36 info trying registry request attempt 1 at 21:35:29
37 http PUT https://registry.npmjs.org/bauer-cluster-queue
38 http 403 https://registry.npmjs.org/bauer-cluster-queue
39 verbose headers { 'content-type': 'application/json',
39 verbose headers   'cache-control': 'max-age=60',
39 verbose headers   'content-length': '95',
39 verbose headers   'accept-ranges': 'bytes',
39 verbose headers   date: 'Thu, 11 Jun 2015 00:35:31 GMT',
39 verbose headers   via: '1.1 varnish',
39 verbose headers   connection: 'keep-alive',
39 verbose headers   'x-served-by': 'cache-jfk1025-JFK',
39 verbose headers   'x-cache': 'MISS',
39 verbose headers   'x-cache-hits': '0',
39 verbose headers   'x-timer': 'S1433982929.129260,VS0,VE1940' }
40 error publish Failed PUT 403
41 error Error: "You cannot publish over the previously published version 0.3.0." : bauer-cluster-queue
41 error     at RegClient.<anonymous> (/usr/local/lib/node_modules/npm/node_modules/npm-registry-client/lib/request.js:308:14)
41 error     at Request._callback (/usr/local/lib/node_modules/npm/node_modules/npm-registry-client/lib/request.js:246:65)
41 error     at Request.self.callback (/usr/local/lib/node_modules/npm/node_modules/request/request.js:236:22)
41 error     at Request.emit (events.js:98:17)
41 error     at Request.<anonymous> (/usr/local/lib/node_modules/npm/node_modules/request/request.js:1142:14)
41 error     at Request.emit (events.js:117:20)
41 error     at IncomingMessage.<anonymous> (/usr/local/lib/node_modules/npm/node_modules/request/request.js:1096:12)
41 error     at IncomingMessage.emit (events.js:117:20)
41 error     at _stream_readable.js:944:16
41 error     at process._tickCallback (node.js:442:13)
42 error If you need help, you may report this *entire* log,
42 error including the npm and node versions, at:
42 error     <http://github.com/npm/npm/issues>
43 error System Darwin 14.3.0
44 error command "node" "/usr/local/bin/npm" "publish"
45 error cwd /Users/yneves1/code/personal/node-bauer-cluster-queue
46 error node -v v0.10.36
47 error npm -v 1.4.28
48 verbose exit [ 1, true ]
